<?xml version="1.0" encoding="utf-8"?>
<test-results xmlns:xsi="http://www.w3.org/2001/XMLSchema-instance" xsi:noNamespaceSchemaLocation="nunit_schema_2.5.xsd" name="Pester" total="3" errors="0" failures="1" not-run="0" inconclusive="0" ignored="0" skipped="1" invalid="0" date="2023-07-20" time="10:30:15">
  <environment user="AzureQA" machine-name="AZDEMO" cwd="C:\Tests" user-domain="AZURE" platform="Microsoft Windows" version="10.0.19042" clr-version="4.0.30319.42000" />
  <culture-info current-culture="en-US" current-uiculture="en-US" />
  <test-suite type="TestFixture" name="Pester" executed="True" result="Failure" success="False" time="1.0" asserts="0">
    <results>
      <test-suite type="TestFixture" name="Azure Features" executed="True" result="Failure" success="False" time="0.5" asserts="0">
        <results>
          <test-case name="Feature: Storage Account Creation" description="Creates a new storage account in Azure" executed="True" result="Success" success="True" time="0.1" asserts="1">
            <categories>
              <category name="Storage" />
              <category name="Azure" />
            </categories>
          </test-case>
          <test-case name="Feature: Key Vault Access" description="Validates access to Azure Key Vault" executed="True" result="Failure" success="False" time="0.2" asserts="1">
            <failure>
              <message>Expected permission 'Secret-Read' but got 'None'</message>
              <stack-trace>at validatePermissions, line: 42</stack-trace>
            </failure>
            <categories>
              <category name="Security" />
              <category name="Azure" />
            </categories>
          </test-case>
          <test-case name="Feature: Cosmos DB Setup" description="Sets up Cosmos DB for testing" executed="False" result="Skipped" success="False" time="0.0" asserts="0">
            <categories>
              <category name="Database" />
              <category name="Azure" />
            </categories>
            <reason>
              <message>Cosmos DB not available in test environment</message>
            </reason>
          </test-case>
        </results>
      </test-suite>
    </results>
  </test-suite>
</test-results>
